[23:36:07] [main/INFO]: Setting user: Player980
[23:36:08] [Client thread/INFO]: LWJGL Version: 2.9.1
[23:36:12] [Client thread/INFO]: Reloading ResourceManager: Default, FMLFileResourcePack:Forge Mod Loader, FMLFileResourcePack:Minecraft Forge, FMLFileResourcePack:UU-Matter Crafting
[23:36:13] [Sound Library Loader/INFO]: Sound engine started
[23:36:14] [Client thread/INFO]: Created: 512x256 textures/blocks-atlas
[23:36:14] [Client thread/INFO]: Created: 256x256 textures/items-atlas
[23:36:14] [Client thread/INFO]: Reloading ResourceManager: Default, FMLFileResourcePack:Forge Mod Loader, FMLFileResourcePack:Minecraft Forge, FMLFileResourcePack:UU-Matter Crafting
[23:36:14] [Client thread/INFO]: Created: 256x256 textures/items-atlas
[23:36:15] [Client thread/INFO]: Created: 512x256 textures/blocks-atlas
[23:36:15] [Sound Library Loader/INFO]: Sound engine started
[23:36:20] [Server thread/INFO]: Starting integrated minecraft server version 1.7.10
[23:36:20] [Server thread/INFO]: Generating keypair
[23:36:20] [Server thread/INFO]: Preparing start region for level 0
[23:36:21] [Server thread/INFO]: Changing view distance to 12, from 10
[23:36:21] [Server thread/INFO]: Player980[local:E:1e14d772] logged in with entity id 165 at (147.53703435959164, 4.0, -1226.573957419108)
[23:36:21] [Server thread/INFO]: Player980 joined the game
[23:36:23] [Server thread/INFO]: Player980 has just earned the achievement [Taking Inventory]
[23:36:23] [Client thread/INFO]: [CHAT] Player980 has just earned the achievement [Taking Inventory]
[23:36:37] [Server thread/INFO]: Saving and pausing game...
[23:36:37] [Server thread/INFO]: Saving chunks for level 'New World'/Overworld
[23:36:37] [Server thread/INFO]: Saving chunks for level 'New World'/Nether
[23:36:37] [Server thread/INFO]: Saving chunks for level 'New World'/The End
[23:36:38] [Server thread/INFO]: Stopping server
[23:36:38] [Server thread/INFO]: Saving players
[23:36:38] [Server thread/INFO]: Saving worlds
[23:36:38] [Server thread/INFO]: Saving chunks for level 'New World'/Overworld
[23:36:38] [Server thread/INFO]: Saving chunks for level 'New World'/Nether
[23:36:38] [Server thread/INFO]: Saving chunks for level 'New World'/The End
[23:36:39] [Client thread/INFO]: Stopping!
